0. Crawling http://localhost
http://localhost - Got a tab.
http://localhost - Setting request interception
http://localhost - Going to url...
http://localhost - Got a response.
http://localhost - Finished waiting for XHR requests or they have all completed.
http://localhost - Launchign PageExplorer...
http://localhost PageExplorer: exposing functions...
http://localhost PageExplorer: clicking buttons...
Intercepted API request to: GET http://localhost/api/settings/one.json
Button clicked: <button>Settings</button> on http://localhost as alice@authcov.io
Button clicked: <button>Hello World</button> on http://localhost as alice@authcov.io
http://localhost PageExplorer: done. Waiting...
Intercepted API response from: GET http://localhost/api/settings/one.json
http://localhost PageExplorer: scraping links...
http://localhost PageExplorer: done.
http://localhost - Got 8 links from PageExplorer...
http://localhost -Tab closed.
http://localhost - Processing links...
1. Crawling http://localhost/
1. Crawling http://localhost/posts
1. Crawling http://localhost/secrets/
1. Crawling http://localhost/slow/
1. Crawling http://localhost/really_slow/
1. Crawling http://localhost/about
http://localhost - Done Processing links.
URL Crawled: http://localhost
http://localhost/really_slow/ - Got a tab.
http://localhost/ - Got a tab.
http://localhost/ - Setting request interception
http://localhost/ - Going to url...
http://localhost/really_slow/ - Setting request interception
http://localhost/really_slow/ - Going to url...
http://localhost/slow/ - Got a tab.
http://localhost/posts - Got a tab.
http://localhost/slow/ - Setting request interception
http://localhost/slow/ - Going to url...
http://localhost/secrets/ - Got a tab.
http://localhost/about - Got a tab.
http://localhost/posts - Setting request interception
http://localhost/posts - Going to url...
http://localhost/secrets/ - Setting request interception
http://localhost/secrets/ - Going to url...
http://localhost/about - Setting request interception
http://localhost/about - Going to url...
Intercepted API request to: GET http://localhost/api/slow_request.json?sleep_for=6
http://localhost/really_slow/ - Got a response.
Intercepted API request to: GET http://localhost/api/slow_request.json?sleep_for=4
Intercepted API request to: GET http://localhost/api/posts.json
http://localhost/posts - Got a response.
Intercepted API response from: GET http://localhost/api/posts.json
http://localhost/posts - Finished waiting for XHR requests or they have all completed.
Intercepted API request to: GET http://localhost/api/secrets.json
http://localhost/ - Got a response.
http://localhost/ - Finished waiting for XHR requests or they have all completed.
http://localhost/slow/ - Got a response.
http://localhost/secrets/ - Got a response.
Intercepted API response from: GET http://localhost/api/secrets.json
http://localhost/secrets/ - Finished waiting for XHR requests or they have all completed.
http://localhost/about - Got a response.
http://localhost/about - Finished waiting for XHR requests or they have all completed.
http://localhost/posts - Launchign PageExplorer...
http://localhost/posts PageExplorer: exposing functions...
http://localhost/posts PageExplorer: clicking buttons...
http://localhost/posts PageExplorer: done. Waiting...
http://localhost/ - Launchign PageExplorer...
http://localhost/ PageExplorer: exposing functions...
http://localhost/ PageExplorer: clicking buttons...
Intercepted API request to: GET http://localhost/api/settings/one.json
Button clicked: <button>Settings</button> on http://localhost/ as alice@authcov.io
Button clicked: <button>Hello World</button> on http://localhost/ as alice@authcov.io
http://localhost/ PageExplorer: done. Waiting...
http://localhost/secrets/ - Launchign PageExplorer...
http://localhost/secrets/ PageExplorer: exposing functions...
http://localhost/about - Launchign PageExplorer...
http://localhost/about PageExplorer: exposing functions...
http://localhost/about PageExplorer: clicking buttons...
http://localhost/about PageExplorer: done. Waiting...
http://localhost/posts PageExplorer: scraping links...
http://localhost/posts PageExplorer: done.
http://localhost/posts - Got 12 links from PageExplorer...
http://localhost/posts -Tab closed.
http://localhost/posts - Processing links...
2. Crawling http://localhost/posts/new
2. Crawling http://localhost/posts/1
2. Crawling http://localhost/posts/2
2. Crawling http://localhost/posts/3
http://localhost/posts - Done Processing links.
URL Crawled: http://localhost/posts
http://localhost/ PageExplorer: scraping links...
Intercepted API response from: GET http://localhost/api/settings/one.json
http://localhost/ PageExplorer: done.
http://localhost/ - Got 8 links from PageExplorer...
http://localhost/ -Tab closed.
http://localhost/ - Processing links...
http://localhost/ - Done Processing links.
URL Crawled: http://localhost/
http://localhost/posts/new - Got a tab.
http://localhost/posts/new - Setting request interception
http://localhost/posts/new - Going to url...
http://localhost/posts/1 - Got a tab.
http://localhost/posts/1 - Setting request interception
http://localhost/posts/1 - Going to url...
http://localhost/posts/2 - Got a tab.
http://localhost/posts/2 - Setting request interception
http://localhost/posts/2 - Going to url...
http://localhost/posts/3 - Got a tab.
http://localhost/posts/3 - Setting request interception
http://localhost/posts/3 - Going to url...
2. Crawling http://localhost/posts/4
http://localhost/about PageExplorer: scraping links...
http://localhost/about PageExplorer: done.
http://localhost/about - Got 7 links from PageExplorer...
http://localhost/about -Tab closed.
http://localhost/about - Processing links...
http://localhost/about - Done Processing links.
URL Crawled: http://localhost/about
http://localhost/posts/4 - Got a tab.
http://localhost/posts/4 - Setting request interception
http://localhost/posts/4 - Going to url...
Intercepted API request to: GET http://localhost/api/posts/1.json
http://localhost/posts/1 - Got a response.
http://localhost/posts/new - Got a response.
http://localhost/posts/new - Finished waiting for XHR requests or they have all completed.
Intercepted API request to: GET http://localhost/api/posts/2.json
http://localhost/posts/2 - Got a response.
Intercepted API request to: GET http://localhost/api/posts/3.json
http://localhost/posts/3 - Got a response.
Intercepted API response from: GET http://localhost/api/posts/1.json
http://localhost/posts/1 - Finished waiting for XHR requests or they have all completed.
Intercepted API response from: GET http://localhost/api/posts/2.json
http://localhost/posts/2 - Finished waiting for XHR requests or they have all completed.
Intercepted API response from: GET http://localhost/api/posts/3.json
http://localhost/posts/3 - Finished waiting for XHR requests or they have all completed.
Intercepted API request to: GET http://localhost/api/posts/4.json
http://localhost/posts/4 - Got a response.
http://localhost/posts/new - Launchign PageExplorer...
http://localhost/posts/new PageExplorer: exposing functions...
http://localhost/posts/new PageExplorer: clicking buttons...
http://localhost/posts/new PageExplorer: done. Waiting...
http://localhost/posts/1 - Launchign PageExplorer...
http://localhost/posts/1 PageExplorer: exposing functions...
http://localhost/posts/1 PageExplorer: clicking buttons...
http://localhost/posts/1 PageExplorer: done. Waiting...
http://localhost/posts/2 - Launchign PageExplorer...
http://localhost/posts/2 PageExplorer: exposing functions...
http://localhost/posts/2 PageExplorer: clicking buttons...
http://localhost/posts/2 PageExplorer: done. Waiting...
http://localhost/posts/3 - Launchign PageExplorer...
http://localhost/posts/3 PageExplorer: exposing functions...
http://localhost/posts/new PageExplorer: scraping links...
http://localhost/posts/new PageExplorer: done.
http://localhost/posts/new - Got 7 links from PageExplorer...
http://localhost/posts/new -Tab closed.
http://localhost/posts/new - Processing links...
http://localhost/posts/new - Done Processing links.
URL Crawled: http://localhost/posts/new
http://localhost/posts/3 PageExplorer: clicking buttons...
http://localhost/posts/3 PageExplorer: done. Waiting...
http://localhost/posts/1 PageExplorer: scraping links...
http://localhost/posts/1 PageExplorer: done.
http://localhost/posts/1 - Got 8 links from PageExplorer...
http://localhost/posts/1 -Tab closed.
http://localhost/posts/1 - Processing links...
3. Crawling http://localhost/posts/1/edit
http://localhost/posts/1 - Done Processing links.
URL Crawled: http://localhost/posts/1
http://localhost/posts/1/edit - Got a tab.
http://localhost/posts/1/edit - Setting request interception
http://localhost/posts/1/edit - Going to url...
http://localhost/posts/2 PageExplorer: scraping links...
http://localhost/posts/2 PageExplorer: done.
http://localhost/posts/2 - Got 8 links from PageExplorer...
http://localhost/posts/2 -Tab closed.
http://localhost/posts/2 - Processing links...
3. Crawling http://localhost/posts/2/edit
http://localhost/posts/2 - Done Processing links.
URL Crawled: http://localhost/posts/2
http://localhost/posts/2/edit - Got a tab.
http://localhost/posts/2/edit - Setting request interception
http://localhost/posts/2/edit - Going to url...
Intercepted API response from: GET http://localhost/api/slow_request.json?sleep_for=4
http://localhost/slow/ - Finished waiting for XHR requests or they have all completed.
Intercepted API response from: GET http://localhost/api/posts/4.json
http://localhost/posts/4 - Finished waiting for XHR requests or they have all completed.
Intercepted API request to: GET http://localhost/api/posts/1.json
http://localhost/posts/1/edit - Got a response.
Intercepted API request to: GET http://localhost/api/posts/2.json
http://localhost/posts/2/edit - Got a response.
http://localhost/slow/ - Launchign PageExplorer...
http://localhost/slow/ PageExplorer: exposing functions...
http://localhost/slow/ PageExplorer: clicking buttons...
http://localhost/slow/ PageExplorer: done. Waiting...
http://localhost/posts/4 - Launchign PageExplorer...
http://localhost/posts/4 PageExplorer: exposing functions...
http://localhost/posts/4 PageExplorer: clicking buttons...
http://localhost/posts/4 PageExplorer: done. Waiting...
http://localhost/posts/3 PageExplorer: scraping links...
http://localhost/posts/3 PageExplorer: done.
http://localhost/posts/3 - Got 8 links from PageExplorer...
http://localhost/posts/3 -Tab closed.
http://localhost/posts/3 - Processing links...
3. Crawling http://localhost/posts/3/edit
http://localhost/posts/3 - Done Processing links.
URL Crawled: http://localhost/posts/3
Intercepted API response from: GET http://localhost/api/posts/1.json
http://localhost/posts/1/edit - Finished waiting for XHR requests or they have all completed.
Intercepted API response from: GET http://localhost/api/posts/2.json
http://localhost/posts/2/edit - Finished waiting for XHR requests or they have all completed.
http://localhost/posts/3/edit - Got a tab.
http://localhost/posts/3/edit - Setting request interception
http://localhost/posts/3/edit - Going to url...
http://localhost/really_slow/ - Finished waiting for XHR requests or they have all completed.
http://localhost/posts/1/edit - Launchign PageExplorer...
http://localhost/posts/1/edit PageExplorer: exposing functions...
http://localhost/posts/1/edit PageExplorer: clicking buttons...
http://localhost/posts/1/edit PageExplorer: done. Waiting...
http://localhost/posts/2/edit - Launchign PageExplorer...
http://localhost/posts/2/edit PageExplorer: exposing functions...
http://localhost/posts/2/edit PageExplorer: clicking buttons...
http://localhost/posts/2/edit PageExplorer: done. Waiting...
http://localhost/really_slow/ - Launchign PageExplorer...
http://localhost/really_slow/ PageExplorer: exposing functions...
http://localhost/really_slow/ PageExplorer: clicking buttons...
http://localhost/really_slow/ PageExplorer: done. Waiting...
http://localhost/slow/ PageExplorer: scraping links...
http://localhost/slow/ PageExplorer: done.
http://localhost/slow/ - Got 7 links from PageExplorer...
http://localhost/slow/ -Tab closed.
http://localhost/slow/ - Processing links...
http://localhost/slow/ - Done Processing links.
URL Crawled: http://localhost/slow/
http://localhost/posts/4 PageExplorer: scraping links...
http://localhost/posts/4 PageExplorer: done.
http://localhost/posts/4 - Got 8 links from PageExplorer...
http://localhost/posts/4 -Tab closed.
http://localhost/posts/4 - Processing links...
3. Crawling http://localhost/posts/4/edit
http://localhost/posts/4 - Done Processing links.
URL Crawled: http://localhost/posts/4
http://localhost/posts/4/edit - Got a tab.
http://localhost/posts/4/edit - Setting request interception
http://localhost/posts/4/edit - Going to url...
Intercepted API request to: GET http://localhost/api/posts/3.json
http://localhost/posts/3/edit - Got a response.
Intercepted API response from: GET http://localhost/api/posts/3.json
http://localhost/posts/3/edit - Finished waiting for XHR requests or they have all completed.
Intercepted API request to: GET http://localhost/api/posts/4.json
Intercepted API response from: GET http://localhost/api/slow_request.json?sleep_for=6
http://localhost/posts/4/edit - Got a response.
Intercepted API response from: GET http://localhost/api/posts/4.json
http://localhost/posts/4/edit - Finished waiting for XHR requests or they have all completed.
http://localhost/posts/1/edit PageExplorer: scraping links...
http://localhost/posts/1/edit PageExplorer: done.
http://localhost/posts/1/edit - Got 8 links from PageExplorer...
http://localhost/posts/1/edit -Tab closed.
http://localhost/posts/1/edit - Processing links...
http://localhost/posts/1/edit - Done Processing links.
URL Crawled: http://localhost/posts/1/edit
http://localhost/posts/2/edit PageExplorer: scraping links...
http://localhost/posts/3/edit - Launchign PageExplorer...
http://localhost/posts/2/edit PageExplorer: done.
http://localhost/posts/2/edit - Got 8 links from PageExplorer...
http://localhost/posts/2/edit -Tab closed.
http://localhost/posts/2/edit - Processing links...
http://localhost/posts/2/edit - Done Processing links.
URL Crawled: http://localhost/posts/2/edit
http://localhost/posts/3/edit PageExplorer: exposing functions...
http://localhost/posts/3/edit PageExplorer: clicking buttons...
http://localhost/posts/3/edit PageExplorer: done. Waiting...
http://localhost/posts/4/edit - Launchign PageExplorer...
http://localhost/posts/4/edit PageExplorer: exposing functions...
http://localhost/posts/4/edit PageExplorer: clicking buttons...
http://localhost/posts/4/edit PageExplorer: done. Waiting...
http://localhost/really_slow/ PageExplorer: scraping links...
http://localhost/really_slow/ PageExplorer: done.
http://localhost/really_slow/ - Got 7 links from PageExplorer...
http://localhost/really_slow/ -Tab closed.
http://localhost/really_slow/ - Processing links...
http://localhost/really_slow/ - Done Processing links.
URL Crawled: http://localhost/really_slow/
http://localhost/posts/3/edit PageExplorer: scraping links...
http://localhost/posts/3/edit PageExplorer: done.
http://localhost/posts/3/edit - Got 8 links from PageExplorer...
http://localhost/posts/3/edit -Tab closed.
http://localhost/posts/3/edit - Processing links...
http://localhost/posts/3/edit - Done Processing links.
URL Crawled: http://localhost/posts/3/edit
http://localhost/posts/4/edit PageExplorer: scraping links...
http://localhost/posts/4/edit PageExplorer: done.
http://localhost/posts/4/edit - Got 8 links from PageExplorer...
http://localhost/posts/4/edit -Tab closed.
http://localhost/posts/4/edit - Processing links...
http://localhost/posts/4/edit - Done Processing links.
URL Crawled: http://localhost/posts/4/edit
WARN: Been crawling http://localhost/secrets/ for 10 seconds
WARN: Been crawling http://localhost/secrets/ for 15 seconds
WARN: Been crawling http://localhost/secrets/ for 20 seconds
WARN: Been crawling http://localhost/secrets/ for 25 seconds
WARN: Been crawling http://localhost/secrets/ for 30 seconds
WARN: Been crawling http://localhost/secrets/ for 35 seconds
WARN: Been crawling http://localhost/secrets/ for 40 seconds
WARN: Been crawling http://localhost/secrets/ for 45 seconds
WARN: Been crawling http://localhost/secrets/ for 50 seconds
WARN: Been crawling http://localhost/secrets/ for 55 seconds
WARN: Been crawling http://localhost/secrets/ for 60 seconds
WARN: Been crawling http://localhost/secrets/ for 65 seconds
WARN: Been crawling http://localhost/secrets/ for 70 seconds
WARN: Been crawling http://localhost/secrets/ for 75 seconds
WARN: Been crawling http://localhost/secrets/ for 80 seconds
WARN: Been crawling http://localhost/secrets/ for 85 seconds
WARN: Been crawling http://localhost/secrets/ for 90 seconds
WARN: Been crawling http://localhost/secrets/ for 95 seconds
WARN: Been crawling http://localhost/secrets/ for 100 seconds
WARN: Been crawling http://localhost/secrets/ for 105 seconds
WARN: Been crawling http://localhost/secrets/ for 110 seconds
